2014/02/25 01:34:08 [warning] [application] Failed to set unsafe attribute "int_bauart" of "LeadGen".
in /var/www/carro/protected/controllers/SiteController.php (441)
in /var/www/carro/index.php (13)
2014/02/25 01:34:08 [warning] [application] Failed to set unsafe attribute "int_kaufzeitpunkt" of "LeadGen".
in /var/www/carro/protected/controllers/SiteController.php (441)
in /var/www/carro/index.php (13)
2014/02/25 01:34:08 [warning] [application] Failed to set unsafe attribute "int_zahlungsart" of "LeadGen".
in /var/www/carro/protected/controllers/SiteController.php (441)
in /var/www/carro/index.php (13)
2014/02/25 01:34:08 [warning] [application] Failed to set unsafe attribute "int_kontakt" of "LeadGen".
in /var/www/carro/protected/controllers/SiteController.php (441)
in /var/www/carro/index.php (13)
2014/02/25 01:34:08 [warning] [application] Failed to set unsafe attribute "int_suchmaschine" of "LeadGen".
in /var/www/carro/protected/controllers/SiteController.php (441)
in /var/www/carro/index.php (13)
2014/02/25 01:34:08 [warning] [application] Failed to set unsafe attribute "int_suchwort" of "LeadGen".
in /var/www/carro/protected/controllers/SiteController.php (441)
in /var/www/carro/index.php (13)
2014/02/25 01:34:08 [warning] [application] Failed to set unsafe attribute "int_kenntnis" of "LeadGen".
in /var/www/carro/protected/controllers/SiteController.php (441)
in /var/www/carro/index.php (13)
2014/02/25 01:34:08 [warning] [application] Failed to set unsafe attribute "int_bericht_ma" of "LeadGen".
in /var/www/carro/protected/controllers/SiteController.php (441)
in /var/www/carro/index.php (13)
2014/02/25 01:34:08 [warning] [application] Failed to set unsafe attribute "int_bericht_status" of "LeadGen".
in /var/www/carro/protected/controllers/SiteController.php (441)
in /var/www/carro/index.php (13)
2014/02/25 01:34:08 [warning] [application] Failed to set unsafe attribute "int_bericht_wv" of "LeadGen".
in /var/www/carro/protected/controllers/SiteController.php (441)
in /var/www/carro/index.php (13)
2014/02/25 01:34:08 [warning] [application] Failed to set unsafe attribute "int_alt_ausstattung" of "LeadGen".
in /var/www/carro/protected/controllers/SiteController.php (441)
in /var/www/carro/index.php (13)
2014/02/25 01:34:08 [warning] [application] Failed to set unsafe attribute "int_grund" of "LeadGen".
in /var/www/carro/protected/controllers/SiteController.php (441)
in /var/www/carro/index.php (13)
2014/02/25 01:34:08 [warning] [application] Failed to set unsafe attribute "int_entfernung" of "LeadGen".
in /var/www/carro/protected/controllers/SiteController.php (441)
in /var/www/carro/index.php (13)
2014/02/25 01:34:08 [warning] [application] Failed to set unsafe attribute "int_kvs_status" of "LeadGen".
in /var/www/carro/protected/controllers/SiteController.php (441)
in /var/www/carro/index.php (13)
2014/02/25 01:34:08 [warning] [application] Failed to set unsafe attribute "int_mitarbeiter" of "LeadGen".
in /var/www/carro/protected/controllers/SiteController.php (441)
in /var/www/carro/index.php (13)
2014/02/25 01:34:08 [warning] [application] Failed to set unsafe attribute "int_premium_id" of "LeadGen".
in /var/www/carro/protected/controllers/SiteController.php (441)
in /var/www/carro/index.php (13)
2014/02/25 01:34:08 [warning] [application] Failed to set unsafe attribute "int_status" of "LeadGen".
in /var/www/carro/protected/controllers/SiteController.php (441)
in /var/www/carro/index.php (13)
2014/02/25 01:34:08 [warning] [application] Failed to set unsafe attribute "int_id" of "LeadGen".
in /var/www/carro/protected/controllers/SiteController.php (441)
in /var/www/carro/index.php (13)
2014/02/25 01:34:08 [warning] [application] Failed to set unsafe attribute "int_mobil" of "LeadGen".
in /var/www/carro/protected/controllers/SiteController.php (441)
in /var/www/carro/index.php (13)
2014/02/25 01:34:08 [warning] [application] Failed to set unsafe attribute "int_erreichbar" of "LeadGen".
in /var/www/carro/protected/controllers/SiteController.php (441)
in /var/www/carro/index.php (13)
2014/02/25 01:34:08 [warning] [application] Failed to set unsafe attribute "city" of "LeadGen".
in /var/www/carro/protected/controllers/SiteController.php (442)
in /var/www/carro/index.php (13)
2014/02/25 01:34:08 [warning] [application] Failed to set unsafe attribute "state" of "LeadGen".
in /var/www/carro/protected/controllers/SiteController.php (442)
in /var/www/carro/index.php (13)
2014/02/25 01:34:16 [warning] [application] Failed to set unsafe attribute "model_year" of "LeadGen".
in /var/www/carro/protected/controllers/SiteController.php (387)
in /var/www/carro/protected/controllers/SiteController.php (421)
in /var/www/carro/index.php (13)
2014/02/25 01:34:21 [warning] [application] Failed to set unsafe attribute "int_bauart" of "LeadGen".
in /var/www/carro/protected/controllers/SiteController.php (386)
in /var/www/carro/protected/controllers/SiteController.php (421)
in /var/www/carro/index.php (13)
2014/02/25 01:34:21 [warning] [application] Failed to set unsafe attribute "int_kaufzeitpunkt" of "LeadGen".
in /var/www/carro/protected/controllers/SiteController.php (386)
in /var/www/carro/protected/controllers/SiteController.php (421)
in /var/www/carro/index.php (13)
2014/02/25 01:34:21 [warning] [application] Failed to set unsafe attribute "int_zahlungsart" of "LeadGen".
in /var/www/carro/protected/controllers/SiteController.php (386)
in /var/www/carro/protected/controllers/SiteController.php (421)
in /var/www/carro/index.php (13)
2014/02/25 01:34:21 [warning] [application] Failed to set unsafe attribute "int_kontakt" of "LeadGen".
in /var/www/carro/protected/controllers/SiteController.php (386)
in /var/www/carro/protected/controllers/SiteController.php (421)
in /var/www/carro/index.php (13)
2014/02/25 01:34:21 [warning] [application] Failed to set unsafe attribute "int_suchmaschine" of "LeadGen".
in /var/www/carro/protected/controllers/SiteController.php (386)
in /var/www/carro/protected/controllers/SiteController.php (421)
in /var/www/carro/index.php (13)
2014/02/25 01:34:21 [warning] [application] Failed to set unsafe attribute "int_suchwort" of "LeadGen".
in /var/www/carro/protected/controllers/SiteController.php (386)
in /var/www/carro/protected/controllers/SiteController.php (421)
in /var/www/carro/index.php (13)
2014/02/25 01:34:21 [warning] [application] Failed to set unsafe attribute "int_kenntnis" of "LeadGen".
in /var/www/carro/protected/controllers/SiteController.php (386)
in /var/www/carro/protected/controllers/SiteController.php (421)
in /var/www/carro/index.php (13)
2014/02/25 01:34:21 [warning] [application] Failed to set unsafe attribute "int_bericht_ma" of "LeadGen".
in /var/www/carro/protected/controllers/SiteController.php (386)
in /var/www/carro/protected/controllers/SiteController.php (421)
in /var/www/carro/index.php (13)
2014/02/25 01:34:21 [warning] [application] Failed to set unsafe attribute "int_bericht_status" of "LeadGen".
in /var/www/carro/protected/controllers/SiteController.php (386)
in /var/www/carro/protected/controllers/SiteController.php (421)
in /var/www/carro/index.php (13)
2014/02/25 01:34:21 [warning] [application] Failed to set unsafe attribute "int_bericht_wv" of "LeadGen".
in /var/www/carro/protected/controllers/SiteController.php (386)
in /var/www/carro/protected/controllers/SiteController.php (421)
in /var/www/carro/index.php (13)
2014/02/25 01:34:21 [warning] [application] Failed to set unsafe attribute "int_alt_ausstattung" of "LeadGen".
in /var/www/carro/protected/controllers/SiteController.php (386)
in /var/www/carro/protected/controllers/SiteController.php (421)
in /var/www/carro/index.php (13)
2014/02/25 01:34:21 [warning] [application] Failed to set unsafe attribute "int_grund" of "LeadGen".
in /var/www/carro/protected/controllers/SiteController.php (386)
in /var/www/carro/protected/controllers/SiteController.php (421)
in /var/www/carro/index.php (13)
2014/02/25 01:34:21 [warning] [application] Failed to set unsafe attribute "int_entfernung" of "LeadGen".
in /var/www/carro/protected/controllers/SiteController.php (386)
in /var/www/carro/protected/controllers/SiteController.php (421)
in /var/www/carro/index.php (13)
2014/02/25 01:34:21 [warning] [application] Failed to set unsafe attribute "int_kvs_status" of "LeadGen".
in /var/www/carro/protected/controllers/SiteController.php (386)
in /var/www/carro/protected/controllers/SiteController.php (421)
in /var/www/carro/index.php (13)
2014/02/25 01:34:21 [warning] [application] Failed to set unsafe attribute "int_mitarbeiter" of "LeadGen".
in /var/www/carro/protected/controllers/SiteController.php (386)
in /var/www/carro/protected/controllers/SiteController.php (421)
in /var/www/carro/index.php (13)
2014/02/25 01:34:21 [warning] [application] Failed to set unsafe attribute "int_premium_id" of "LeadGen".
in /var/www/carro/protected/controllers/SiteController.php (386)
in /var/www/carro/protected/controllers/SiteController.php (421)
in /var/www/carro/index.php (13)
2014/02/25 01:34:21 [warning] [application] Failed to set unsafe attribute "int_status" of "LeadGen".
in /var/www/carro/protected/controllers/SiteController.php (386)
in /var/www/carro/protected/controllers/SiteController.php (421)
in /var/www/carro/index.php (13)
2014/02/25 01:34:21 [warning] [application] Failed to set unsafe attribute "int_id" of "LeadGen".
in /var/www/carro/protected/controllers/SiteController.php (386)
in /var/www/carro/protected/controllers/SiteController.php (421)
in /var/www/carro/index.php (13)
2014/02/25 01:34:21 [warning] [application] Failed to set unsafe attribute "int_mobil" of "LeadGen".
in /var/www/carro/protected/controllers/SiteController.php (386)
in /var/www/carro/protected/controllers/SiteController.php (421)
in /var/www/carro/index.php (13)
2014/02/25 01:34:21 [warning] [application] Failed to set unsafe attribute "int_erreichbar" of "LeadGen".
in /var/www/carro/protected/controllers/SiteController.php (386)
in /var/www/carro/protected/controllers/SiteController.php (421)
in /var/www/carro/index.php (13)
2014/02/25 01:34:21 [warning] [application] Failed to set unsafe attribute "model_year" of "LeadGen".
in /var/www/carro/protected/controllers/SiteController.php (387)
in /var/www/carro/protected/controllers/SiteController.php (421)
in /var/www/carro/index.php (13)
2014/02/25 01:34:24 [warning] [application] Failed to set unsafe attribute "int_bauart" of "LeadGen".
in /var/www/carro/protected/controllers/SiteController.php (312)
in /var/www/carro/index.php (13)
2014/02/25 01:34:24 [warning] [application] Failed to set unsafe attribute "int_kaufzeitpunkt" of "LeadGen".
in /var/www/carro/protected/controllers/SiteController.php (312)
in /var/www/carro/index.php (13)
2014/02/25 01:34:24 [warning] [application] Failed to set unsafe attribute "int_zahlungsart" of "LeadGen".
in /var/www/carro/protected/controllers/SiteController.php (312)
in /var/www/carro/index.php (13)
2014/02/25 01:34:24 [warning] [application] Failed to set unsafe attribute "int_kontakt" of "LeadGen".
in /var/www/carro/protected/controllers/SiteController.php (312)
in /var/www/carro/index.php (13)
2014/02/25 01:34:24 [warning] [application] Failed to set unsafe attribute "int_suchmaschine" of "LeadGen".
in /var/www/carro/protected/controllers/SiteController.php (312)
in /var/www/carro/index.php (13)
2014/02/25 01:34:24 [warning] [application] Failed to set unsafe attribute "int_suchwort" of "LeadGen".
in /var/www/carro/protected/controllers/SiteController.php (312)
in /var/www/carro/index.php (13)
2014/02/25 01:34:24 [warning] [application] Failed to set unsafe attribute "int_kenntnis" of "LeadGen".
in /var/www/carro/protected/controllers/SiteController.php (312)
in /var/www/carro/index.php (13)
2014/02/25 01:34:24 [warning] [application] Failed to set unsafe attribute "int_bericht_ma" of "LeadGen".
in /var/www/carro/protected/controllers/SiteController.php (312)
in /var/www/carro/index.php (13)
2014/02/25 01:34:24 [warning] [application] Failed to set unsafe attribute "int_bericht_status" of "LeadGen".
in /var/www/carro/protected/controllers/SiteController.php (312)
in /var/www/carro/index.php (13)
2014/02/25 01:34:24 [warning] [application] Failed to set unsafe attribute "int_bericht_wv" of "LeadGen".
in /var/www/carro/protected/controllers/SiteController.php (312)
in /var/www/carro/index.php (13)
2014/02/25 01:34:24 [warning] [application] Failed to set unsafe attribute "int_alt_ausstattung" of "LeadGen".
in /var/www/carro/protected/controllers/SiteController.php (312)
in /var/www/carro/index.php (13)
2014/02/25 01:34:24 [warning] [application] Failed to set unsafe attribute "int_grund" of "LeadGen".
in /var/www/carro/protected/controllers/SiteController.php (312)
in /var/www/carro/index.php (13)
2014/02/25 01:34:24 [warning] [application] Failed to set unsafe attribute "int_entfernung" of "LeadGen".
in /var/www/carro/protected/controllers/SiteController.php (312)
in /var/www/carro/index.php (13)
2014/02/25 01:34:24 [warning] [application] Failed to set unsafe attribute "int_kvs_status" of "LeadGen".
in /var/www/carro/protected/controllers/SiteController.php (312)
in /var/www/carro/index.php (13)
2014/02/25 01:34:24 [warning] [application] Failed to set unsafe attribute "int_mitarbeiter" of "LeadGen".
in /var/www/carro/protected/controllers/SiteController.php (312)
in /var/www/carro/index.php (13)
2014/02/25 01:34:24 [warning] [application] Failed to set unsafe attribute "int_premium_id" of "LeadGen".
in /var/www/carro/protected/controllers/SiteController.php (312)
in /var/www/carro/index.php (13)
2014/02/25 01:34:24 [warning] [application] Failed to set unsafe attribute "int_status" of "LeadGen".
in /var/www/carro/protected/controllers/SiteController.php (312)
in /var/www/carro/index.php (13)
2014/02/25 01:34:24 [warning] [application] Failed to set unsafe attribute "int_id" of "LeadGen".
in /var/www/carro/protected/controllers/SiteController.php (312)
in /var/www/carro/index.php (13)
2014/02/25 01:34:24 [warning] [application] Failed to set unsafe attribute "int_mobil" of "LeadGen".
in /var/www/carro/protected/controllers/SiteController.php (312)
in /var/www/carro/index.php (13)
2014/02/25 01:34:24 [warning] [application] Failed to set unsafe attribute "int_erreichbar" of "LeadGen".
in /var/www/carro/protected/controllers/SiteController.php (312)
in /var/www/carro/index.php (13)
2014/02/25 01:34:25 [warning] [application] Failed to set unsafe attribute "int_bauart" of "LeadGen".
in /var/www/carro/protected/controllers/SiteController.php (386)
in /var/www/carro/protected/controllers/SiteController.php (413)
in /var/www/carro/index.php (13)
2014/02/25 01:34:25 [warning] [application] Failed to set unsafe attribute "int_kaufzeitpunkt" of "LeadGen".
in /var/www/carro/protected/controllers/SiteController.php (386)
in /var/www/carro/protected/controllers/SiteController.php (413)
in /var/www/carro/index.php (13)
2014/02/25 01:34:25 [warning] [application] Failed to set unsafe attribute "int_zahlungsart" of "LeadGen".
in /var/www/carro/protected/controllers/SiteController.php (386)
in /var/www/carro/protected/controllers/SiteController.php (413)
in /var/www/carro/index.php (13)
2014/02/25 01:34:25 [warning] [application] Failed to set unsafe attribute "int_kontakt" of "LeadGen".
in /var/www/carro/protected/controllers/SiteController.php (386)
in /var/www/carro/protected/controllers/SiteController.php (413)
in /var/www/carro/index.php (13)
2014/02/25 01:34:25 [warning] [application] Failed to set unsafe attribute "int_suchmaschine" of "LeadGen".
in /var/www/carro/protected/controllers/SiteController.php (386)
in /var/www/carro/protected/controllers/SiteController.php (413)
in /var/www/carro/index.php (13)
2014/02/25 01:34:25 [warning] [application] Failed to set unsafe attribute "int_suchwort" of "LeadGen".
in /var/www/carro/protected/controllers/SiteController.php (386)
in /var/www/carro/protected/controllers/SiteController.php (413)
in /var/www/carro/index.php (13)
2014/02/25 01:34:25 [warning] [application] Failed to set unsafe attribute "int_kenntnis" of "LeadGen".
in /var/www/carro/protected/controllers/SiteController.php (386)
in /var/www/carro/protected/controllers/SiteController.php (413)
in /var/www/carro/index.php (13)
2014/02/25 01:34:25 [warning] [application] Failed to set unsafe attribute "int_bericht_ma" of "LeadGen".
in /var/www/carro/protected/controllers/SiteController.php (386)
in /var/www/carro/protected/controllers/SiteController.php (413)
in /var/www/carro/index.php (13)
2014/02/25 01:34:25 [warning] [application] Failed to set unsafe attribute "int_bericht_status" of "LeadGen".
in /var/www/carro/protected/controllers/SiteController.php (386)
in /var/www/carro/protected/controllers/SiteController.php (413)
in /var/www/carro/index.php (13)
2014/02/25 01:34:25 [warning] [application] Failed to set unsafe attribute "int_bericht_wv" of "LeadGen".
in /var/www/carro/protected/controllers/SiteController.php (386)
in /var/www/carro/protected/controllers/SiteController.php (413)
in /var/www/carro/index.php (13)
2014/02/25 01:34:25 [warning] [application] Failed to set unsafe attribute "int_alt_ausstattung" of "LeadGen".
in /var/www/carro/protected/controllers/SiteController.php (386)
in /var/www/carro/protected/controllers/SiteController.php (413)
in /var/www/carro/index.php (13)
2014/02/25 01:34:25 [warning] [application] Failed to set unsafe attribute "int_grund" of "LeadGen".
in /var/www/carro/protected/controllers/SiteController.php (386)
in /var/www/carro/protected/controllers/SiteController.php (413)
in /var/www/carro/index.php (13)
2014/02/25 01:34:25 [warning] [application] Failed to set unsafe attribute "int_entfernung" of "LeadGen".
in /var/www/carro/protected/controllers/SiteController.php (386)
in /var/www/carro/protected/controllers/SiteController.php (413)
in /var/www/carro/index.php (13)
2014/02/25 01:34:25 [warning] [application] Failed to set unsafe attribute "int_kvs_status" of "LeadGen".
in /var/www/carro/protected/controllers/SiteController.php (386)
in /var/www/carro/protected/controllers/SiteController.php (413)
in /var/www/carro/index.php (13)
2014/02/25 01:34:25 [warning] [application] Failed to set unsafe attribute "int_mitarbeiter" of "LeadGen".
in /var/www/carro/protected/controllers/SiteController.php (386)
in /var/www/carro/protected/controllers/SiteController.php (413)
in /var/www/carro/index.php (13)
2014/02/25 01:34:25 [warning] [application] Failed to set unsafe attribute "int_premium_id" of "LeadGen".
in /var/www/carro/protected/controllers/SiteController.php (386)
in /var/www/carro/protected/controllers/SiteController.php (413)
in /var/www/carro/index.php (13)
2014/02/25 01:34:25 [warning] [application] Failed to set unsafe attribute "int_status" of "LeadGen".
in /var/www/carro/protected/controllers/SiteController.php (386)
in /var/www/carro/protected/controllers/SiteController.php (413)
in /var/www/carro/index.php (13)
2014/02/25 01:34:25 [warning] [application] Failed to set unsafe attribute "int_id" of "LeadGen".
in /var/www/carro/protected/controllers/SiteController.php (386)
in /var/www/carro/protected/controllers/SiteController.php (413)
in /var/www/carro/index.php (13)
2014/02/25 01:34:25 [warning] [application] Failed to set unsafe attribute "int_mobil" of "LeadGen".
in /var/www/carro/protected/controllers/SiteController.php (386)
in /var/www/carro/protected/controllers/SiteController.php (413)
in /var/www/carro/index.php (13)
2014/02/25 01:34:25 [warning] [application] Failed to set unsafe attribute "int_erreichbar" of "LeadGen".
in /var/www/carro/protected/controllers/SiteController.php (386)
in /var/www/carro/protected/controllers/SiteController.php (413)
in /var/www/carro/index.php (13)
2014/02/25 01:34:25 [warning] [application] Failed to set unsafe attribute "city" of "LeadGen".
in /var/www/carro/protected/controllers/SiteController.php (387)
in /var/www/carro/protected/controllers/SiteController.php (413)
in /var/www/carro/index.php (13)
2014/02/25 01:34:25 [warning] [application] Failed to set unsafe attribute "state" of "LeadGen".
in /var/www/carro/protected/controllers/SiteController.php (387)
in /var/www/carro/protected/controllers/SiteController.php (413)
in /var/www/carro/index.php (13)
